[20:33:57] [main/WARN]: Ambiguity between arguments [teleport, destination] and [teleport, targets] with inputs: [Player, 0123, @e, dd12be42-52a9-4a91-a8a1-11c01849e498]
[20:33:57] [main/WARN]: Ambiguity between arguments [teleport, location] and [teleport, destination] with inputs: [0.1 -0.5 .9, 0 0 0]
[20:33:57] [main/WARN]: Ambiguity between arguments [teleport, location] and [teleport, targets] with inputs: [0.1 -0.5 .9, 0 0 0]
[20:33:57] [main/WARN]: Ambiguity between arguments [teleport, targets] and [teleport, destination] with inputs: [Player, 0123, dd12be42-52a9-4a91-a8a1-11c01849e498]
[20:33:57] [main/WARN]: Ambiguity between arguments [teleport, targets, location] and [teleport, targets, destination] with inputs: [0.1 -0.5 .9, 0 0 0]
[20:33:57] [main/INFO]: Reloading ResourceManager: Default
[20:33:57] [Worker-Main-11/INFO]: Loaded 7 recipes
[20:33:58] [Worker-Main-11/INFO]: Loaded 927 advancements
[20:33:59] [Server thread/INFO]: Starting minecraft server version 1.16.5
[20:33:59] [Server thread/INFO]: Loading properties
[20:33:59] [Server thread/INFO]: Default game type: SURVIVAL
[20:33:59] [Server thread/INFO]: Generating keypair
[20:34:00] [Server thread/INFO]: Starting Minecraft server on *:30400
[20:34:00] [Server thread/INFO]: Using default channel type
[20:34:01] [Server thread/WARN]: **** SERVER IS RUNNING IN OFFLINE/INSECURE MODE!
[20:34:01] [Server thread/WARN]: The server will make no attempt to authenticate usernames. Beware.
[20:34:01] [Server thread/WARN]: While this makes the game possible to play without internet access, it also opens up the ability for hackers to connect with any username they choose.
[20:34:01] [Server thread/WARN]: To change this, set "online-mode" to "true" in the server.properties file.
[20:34:01] [Server thread/INFO]: Preparing level "world"
[20:34:02] [Server thread/INFO]: Preparing start region for dimension minecraft:overworld
[20:34:04] [Server thread/INFO]: Preparing spawn area: 0%
[20:34:04] [Server thread/INFO]: Preparing spawn area: 0%
[20:34:04] [Server thread/INFO]: Preparing spawn area: 0%
[20:34:04] [Server thread/INFO]: Preparing spawn area: 0%
[20:34:04] [Server thread/INFO]: Preparing spawn area: 0%
[20:34:04] [Server thread/INFO]: Time elapsed: 2568 ms
[20:34:04] [Server thread/INFO]: Done (2.644s)! For help, type "help"
[20:34:07] [Server thread/INFO]: Stopping the server
[20:34:07] [Server thread/INFO]: Stopping server
[20:34:07] [Server thread/INFO]: Saving players
[20:34:07] [Server thread/INFO]: Saving worlds
[20:34:07] [Server thread/INFO]: Saving chunks for level 'ServerLevel[2021.5.26.original]'/minecraft:overworld
[20:34:09] [Server thread/INFO]: ThreadedAnvilChunkStorage (world): All chunks are saved
[20:34:09] [Server thread/INFO]: Saving chunks for level 'ServerLevel[2021.5.26.original]'/minecraft:the_nether
[20:34:09] [Server thread/INFO]: ThreadedAnvilChunkStorage (DIM-1): All chunks are saved
[20:34:09] [Server thread/INFO]: Saving chunks for level 'ServerLevel[2021.5.26.original]'/minecraft:the_end
[20:34:09] [Server thread/INFO]: ThreadedAnvilChunkStorage (DIM1): All chunks are saved
[20:34:09] [Server thread/INFO]: ThreadedAnvilChunkStorage (world): All chunks are saved
[20:34:09] [Server thread/INFO]: ThreadedAnvilChunkStorage (DIM-1): All chunks are saved
[20:34:09] [Server thread/INFO]: ThreadedAnvilChunkStorage (DIM1): All chunks are saved
